{"C:\\Users\\Adri\\Desktop\\Code\\panda-server\\utils\\apiResponse.js": {"path":"C:\\Users\\Adri\\Desktop\\Code\\panda-server\\utils\\apiResponse.js","statementMap":{"0":{"start":{"line":2,"column":24},"end":{"line":8,"column":1}},"1":{"start":{"line":3,"column":14},"end":{"line":6,"column":2}},"2":{"start":{"line":7,"column":1},"end":{"line":7,"column":35}},"3":{"start":{"line":11,"column":32},"end":{"line":18,"column":1}},"4":{"start":{"line":12,"column":17},"end":{"line":16,"column":2}},"5":{"start":{"line":17,"column":1},"end":{"line":17,"column":38}},"6":{"start":{"line":21,"column":28},"end":{"line":27,"column":1}},"7":{"start":{"line":22,"column":14},"end":{"line":25,"column":2}},"8":{"start":{"line":26,"column":1},"end":{"line":26,"column":35}},"9":{"start":{"line":30,"column":28},"end":{"line":36,"column":1}},"10":{"start":{"line":31,"column":14},"end":{"line":34,"column":2}},"11":{"start":{"line":35,"column":1},"end":{"line":35,"column":35}},"12":{"start":{"line":39,"column":25},"end":{"line":45,"column":1}},"13":{"start":{"line":40,"column":14},"end":{"line":43,"column":2}},"14":{"start":{"line":44,"column":1},"end":{"line":44,"column":35}},"15":{"start":{"line":48,"column":29},"end":{"line":54,"column":1}},"16":{"start":{"line":49,"column":14},"end":{"line":52,"column":2}},"17":{"start":{"line":53,"column":1},"end":{"line":53,"column":35}},"18":{"start":{"line":56,"column":0},"end":{"line":63,"column":2}}},"fnMap":{"0":{"name":"(anonymous_0)","decl":{"start":{"line":2,"column":24},"end":{"line":2,"column":25}},"loc":{"start":{"line":2,"column":38},"end":{"line":8,"column":1}},"line":2},"1":{"name":"(anonymous_1)","decl":{"start":{"line":11,"column":32},"end":{"line":11,"column":33}},"loc":{"start":{"line":11,"column":52},"end":{"line":18,"column":1}},"line":11},"2":{"name":"(anonymous_2)","decl":{"start":{"line":21,"column":28},"end":{"line":21,"column":29}},"loc":{"start":{"line":21,"column":42},"end":{"line":27,"column":1}},"line":21},"3":{"name":"(anonymous_3)","decl":{"start":{"line":30,"column":28},"end":{"line":30,"column":29}},"loc":{"start":{"line":30,"column":42},"end":{"line":36,"column":1}},"line":30},"4":{"name":"(anonymous_4)","decl":{"start":{"line":39,"column":25},"end":{"line":39,"column":26}},"loc":{"start":{"line":39,"column":39},"end":{"line":45,"column":1}},"line":39},"5":{"name":"(anonymous_5)","decl":{"start":{"line":48,"column":29},"end":{"line":48,"column":30}},"loc":{"start":{"line":48,"column":49},"end":{"line":54,"column":1}},"line":48}},"branchMap":{},"s":{"0":2,"1":2,"2":2,"3":2,"4":3,"5":3,"6":2,"7":2,"8":2,"9":2,"10":2,"11":2,"12":2,"13":2,"14":2,"15":2,"16":2,"17":2,"18":2},"f":{"0":2,"1":3,"2":2,"3":2,"4":2,"5":2},"b":{},"_coverageSchema":"1a1c01bbd47fc00a2c39e90264f33305004495a9","hash":"e010e583d4974fa062ddd99f6efdc1dea134ac96"}
,"C:\\Users\\Adri\\Desktop\\Code\\panda-server\\utils\\emailDelivery.js": {"path":"C:\\Users\\Adri\\Desktop\\Code\\panda-server\\utils\\emailDelivery.js","statementMap":{"0":{"start":{"line":1,"column":15},"end":{"line":1,"column":34}},"1":{"start":{"line":4,"column":18},"end":{"line":23,"column":1}},"2":{"start":{"line":5,"column":1},"end":{"line":22,"column":2}},"3":{"start":{"line":6,"column":19},"end":{"line":12,"column":4}},"4":{"start":{"line":13,"column":2},"end":{"line":18,"column":3}},"5":{"start":{"line":14,"column":3},"end":{"line":14,"column":69}},"6":{"start":{"line":16,"column":21},"end":{"line":16,"column":42}},"7":{"start":{"line":17,"column":3},"end":{"line":17,"column":30}},"8":{"start":{"line":20,"column":2},"end":{"line":20,"column":56}},"9":{"start":{"line":21,"column":2},"end":{"line":21,"column":53}},"10":{"start":{"line":25,"column":0},"end":{"line":27,"column":2}}},"fnMap":{"0":{"name":"(anonymous_0)","decl":{"start":{"line":4,"column":18},"end":{"line":4,"column":19}},"loc":{"start":{"line":4,"column":34},"end":{"line":23,"column":1}},"line":4}},"branchMap":{"0":{"loc":{"start":{"line":13,"column":2},"end":{"line":18,"column":3}},"type":"if","locations":[{"start":{"line":13,"column":2},"end":{"line":18,"column":3}},{"start":{"line":15,"column":9},"end":{"line":18,"column":3}}],"line":13}},"s":{"0":2,"1":2,"2":0,"3":0,"4":0,"5":0,"6":0,"7":0,"8":0,"9":0,"10":2},"f":{"0":0},"b":{"0":[0,0]},"_coverageSchema":"1a1c01bbd47fc00a2c39e90264f33305004495a9","hash":"45a0dd2ca94507b449cfb4443c816abc9319fa24"}
,"C:\\Users\\Adri\\Desktop\\Code\\panda-server\\utils\\index.js": {"path":"C:\\Users\\Adri\\Desktop\\Code\\panda-server\\utils\\index.js","statementMap":{"0":{"start":{"line":1,"column":0},"end":{"line":1,"column":52}},"1":{"start":{"line":2,"column":0},"end":{"line":2,"column":54}},"2":{"start":{"line":3,"column":0},"end":{"line":3,"column":58}},"3":{"start":{"line":4,"column":0},"end":{"line":4,"column":44}}},"fnMap":{},"branchMap":{},"s":{"0":2,"1":2,"2":2,"3":2},"f":{},"b":{},"_coverageSchema":"1a1c01bbd47fc00a2c39e90264f33305004495a9","hash":"c9eafef4a4f9ed4c827f6d7fca402fa4cdbe8d43"}
,"C:\\Users\\Adri\\Desktop\\Code\\panda-server\\utils\\logger.js": {"path":"C:\\Users\\Adri\\Desktop\\Code\\panda-server\\utils\\logger.js","statementMap":{"0":{"start":{"line":1,"column":16},"end":{"line":1,"column":34}},"1":{"start":{"line":5,"column":15},"end":{"line":11,"column":1}},"2":{"start":{"line":17,"column":14},"end":{"line":21,"column":1}},"3":{"start":{"line":18,"column":13},"end":{"line":18,"column":50}},"4":{"start":{"line":19,"column":23},"end":{"line":19,"column":44}},"5":{"start":{"line":20,"column":1},"end":{"line":20,"column":41}},"6":{"start":{"line":26,"column":15},"end":{"line":32,"column":1}},"7":{"start":{"line":36,"column":0},"end":{"line":36,"column":26}},"8":{"start":{"line":39,"column":15},"end":{"line":46,"column":1}},"9":{"start":{"line":45,"column":33},"end":{"line":45,"column":83}},"10":{"start":{"line":50,"column":19},"end":{"line":65,"column":1}},"11":{"start":{"line":69,"column":15},"end":{"line":74,"column":2}},"12":{"start":{"line":76,"column":0},"end":{"line":76,"column":24}}},"fnMap":{"0":{"name":"(anonymous_0)","decl":{"start":{"line":17,"column":14},"end":{"line":17,"column":15}},"loc":{"start":{"line":17,"column":20},"end":{"line":21,"column":1}},"line":17},"1":{"name":"(anonymous_1)","decl":{"start":{"line":45,"column":23},"end":{"line":45,"column":24}},"loc":{"start":{"line":45,"column":33},"end":{"line":45,"column":83}},"line":45}},"branchMap":{"0":{"loc":{"start":{"line":18,"column":13},"end":{"line":18,"column":50}},"type":"binary-expr","locations":[{"start":{"line":18,"column":13},"end":{"line":18,"column":33}},{"start":{"line":18,"column":37},"end":{"line":18,"column":50}}],"line":18},"1":{"loc":{"start":{"line":20,"column":8},"end":{"line":20,"column":40}},"type":"cond-expr","locations":[{"start":{"line":20,"column":24},"end":{"line":20,"column":31}},{"start":{"line":20,"column":34},"end":{"line":20,"column":40}}],"line":20}},"s":{"0":2,"1":2,"2":2,"3":2,"4":2,"5":2,"6":2,"7":2,"8":2,"9":0,"10":2,"11":2,"12":2},"f":{"0":2,"1":0},"b":{"0":[2,0],"1":[0,2]},"_coverageSchema":"1a1c01bbd47fc00a2c39e90264f33305004495a9","hash":"76aee42747190893bcb4ae42b764403480f52ec5"}
,"C:\\Users\\Adri\\Desktop\\Code\\panda-server\\utils\\validation.js": {"path":"C:\\Users\\Adri\\Desktop\\Code\\panda-server\\utils\\validation.js","statementMap":{"0":{"start":{"line":1,"column":18},"end":{"line":1,"column":38}},"1":{"start":{"line":3,"column":25},"end":{"line":32,"column":1}},"2":{"start":{"line":5,"column":1},"end":{"line":7,"column":2}},"3":{"start":{"line":6,"column":2},"end":{"line":6,"column":60}},"4":{"start":{"line":8,"column":1},"end":{"line":10,"column":2}},"5":{"start":{"line":9,"column":2},"end":{"line":9,"column":73}},"6":{"start":{"line":11,"column":1},"end":{"line":13,"column":2}},"7":{"start":{"line":12,"column":2},"end":{"line":12,"column":84}},"8":{"start":{"line":14,"column":1},"end":{"line":16,"column":2}},"9":{"start":{"line":15,"column":2},"end":{"line":15,"column":80}},"10":{"start":{"line":17,"column":24},"end":{"line":23,"column":3}},"11":{"start":{"line":24,"column":1},"end":{"line":30,"column":2}},"12":{"start":{"line":25,"column":2},"end":{"line":29,"column":4}},"13":{"start":{"line":31,"column":1},"end":{"line":31,"column":30}},"14":{"start":{"line":34,"column":35},"end":{"line":72,"column":1}},"15":{"start":{"line":37,"column":2},"end":{"line":40,"column":37}},"16":{"start":{"line":42,"column":1},"end":{"line":44,"column":2}},"17":{"start":{"line":43,"column":2},"end":{"line":43,"column":63}},"18":{"start":{"line":45,"column":1},"end":{"line":47,"column":2}},"19":{"start":{"line":46,"column":2},"end":{"line":46,"column":60}},"20":{"start":{"line":48,"column":1},"end":{"line":50,"column":2}},"21":{"start":{"line":49,"column":2},"end":{"line":49,"column":57}},"22":{"start":{"line":51,"column":1},"end":{"line":56,"column":2}},"23":{"start":{"line":52,"column":2},"end":{"line":55,"column":4}},"24":{"start":{"line":57,"column":1},"end":{"line":59,"column":2}},"25":{"start":{"line":58,"column":2},"end":{"line":58,"column":74}},"26":{"start":{"line":60,"column":1},"end":{"line":62,"column":2}},"27":{"start":{"line":61,"column":2},"end":{"line":61,"column":81}},"28":{"start":{"line":63,"column":1},"end":{"line":65,"column":2}},"29":{"start":{"line":64,"column":2},"end":{"line":64,"column":66}},"30":{"start":{"line":67,"column":34},"end":{"line":67,"column":77}},"31":{"start":{"line":68,"column":1},"end":{"line":70,"column":2}},"32":{"start":{"line":69,"column":2},"end":{"line":69,"column":34}},"33":{"start":{"line":71,"column":1},"end":{"line":71,"column":77}},"34":{"start":{"line":74,"column":28},"end":{"line":89,"column":1}},"35":{"start":{"line":76,"column":21},"end":{"line":76,"column":83}},"36":{"start":{"line":77,"column":1},"end":{"line":79,"column":2}},"37":{"start":{"line":78,"column":2},"end":{"line":78,"column":63}},"38":{"start":{"line":81,"column":1},"end":{"line":83,"column":2}},"39":{"start":{"line":82,"column":2},"end":{"line":82,"column":65}},"40":{"start":{"line":85,"column":1},"end":{"line":87,"column":2}},"41":{"start":{"line":86,"column":2},"end":{"line":86,"column":63}},"42":{"start":{"line":88,"column":1},"end":{"line":88,"column":70}},"43":{"start":{"line":91,"column":22},"end":{"line":104,"column":1}},"44":{"start":{"line":93,"column":1},"end":{"line":95,"column":2}},"45":{"start":{"line":94,"column":2},"end":{"line":94,"column":63}},"46":{"start":{"line":96,"column":1},"end":{"line":98,"column":2}},"47":{"start":{"line":97,"column":2},"end":{"line":97,"column":57}},"48":{"start":{"line":100,"column":1},"end":{"line":102,"column":2}},"49":{"start":{"line":101,"column":2},"end":{"line":101,"column":66}},"50":{"start":{"line":103,"column":1},"end":{"line":103,"column":30}},"51":{"start":{"line":106,"column":0},"end":{"line":111,"column":2}}},"fnMap":{"0":{"name":"(anonymous_0)","decl":{"start":{"line":3,"column":25},"end":{"line":3,"column":26}},"loc":{"start":{"line":3,"column":56},"end":{"line":32,"column":1}},"line":3},"1":{"name":"(anonymous_1)","decl":{"start":{"line":34,"column":35},"end":{"line":34,"column":36}},"loc":{"start":{"line":34,"column":83},"end":{"line":72,"column":1}},"line":34},"2":{"name":"(anonymous_2)","decl":{"start":{"line":74,"column":28},"end":{"line":74,"column":29}},"loc":{"start":{"line":74,"column":54},"end":{"line":89,"column":1}},"line":74},"3":{"name":"(anonymous_3)","decl":{"start":{"line":91,"column":22},"end":{"line":91,"column":23}},"loc":{"start":{"line":91,"column":33},"end":{"line":104,"column":1}},"line":91}},"branchMap":{"0":{"loc":{"start":{"line":5,"column":1},"end":{"line":7,"column":2}},"type":"if","locations":[{"start":{"line":5,"column":1},"end":{"line":7,"column":2}},{"start":{},"end":{}}],"line":5},"1":{"loc":{"start":{"line":8,"column":1},"end":{"line":10,"column":2}},"type":"if","locations":[{"start":{"line":8,"column":1},"end":{"line":10,"column":2}},{"start":{},"end":{}}],"line":8},"2":{"loc":{"start":{"line":11,"column":1},"end":{"line":13,"column":2}},"type":"if","locations":[{"start":{"line":11,"column":1},"end":{"line":13,"column":2}},{"start":{},"end":{}}],"line":11},"3":{"loc":{"start":{"line":14,"column":1},"end":{"line":16,"column":2}},"type":"if","locations":[{"start":{"line":14,"column":1},"end":{"line":16,"column":2}},{"start":{},"end":{}}],"line":14},"4":{"loc":{"start":{"line":24,"column":1},"end":{"line":30,"column":2}},"type":"if","locations":[{"start":{"line":24,"column":1},"end":{"line":30,"column":2}},{"start":{},"end":{}}],"line":24},"5":{"loc":{"start":{"line":37,"column":2},"end":{"line":40,"column":37}},"type":"binary-expr","locations":[{"start":{"line":37,"column":2},"end":{"line":37,"column":30}},{"start":{"line":38,"column":2},"end":{"line":38,"column":27}},{"start":{"line":39,"column":2},"end":{"line":39,"column":30}},{"start":{"line":40,"column":2},"end":{"line":40,"column":37}}],"line":37},"6":{"loc":{"start":{"line":42,"column":1},"end":{"line":44,"column":2}},"type":"if","locations":[{"start":{"line":42,"column":1},"end":{"line":44,"column":2}},{"start":{},"end":{}}],"line":42},"7":{"loc":{"start":{"line":45,"column":1},"end":{"line":47,"column":2}},"type":"if","locations":[{"start":{"line":45,"column":1},"end":{"line":47,"column":2}},{"start":{},"end":{}}],"line":45},"8":{"loc":{"start":{"line":48,"column":1},"end":{"line":50,"column":2}},"type":"if","locations":[{"start":{"line":48,"column":1},"end":{"line":50,"column":2}},{"start":{},"end":{}}],"line":48},"9":{"loc":{"start":{"line":51,"column":1},"end":{"line":56,"column":2}},"type":"if","locations":[{"start":{"line":51,"column":1},"end":{"line":56,"column":2}},{"start":{},"end":{}}],"line":51},"10":{"loc":{"start":{"line":57,"column":1},"end":{"line":59,"column":2}},"type":"if","locations":[{"start":{"line":57,"column":1},"end":{"line":59,"column":2}},{"start":{},"end":{}}],"line":57},"11":{"loc":{"start":{"line":60,"column":1},"end":{"line":62,"column":2}},"type":"if","locations":[{"start":{"line":60,"column":1},"end":{"line":62,"column":2}},{"start":{},"end":{}}],"line":60},"12":{"loc":{"start":{"line":63,"column":1},"end":{"line":65,"column":2}},"type":"if","locations":[{"start":{"line":63,"column":1},"end":{"line":65,"column":2}},{"start":{},"end":{}}],"line":63},"13":{"loc":{"start":{"line":68,"column":1},"end":{"line":70,"column":2}},"type":"if","locations":[{"start":{"line":68,"column":1},"end":{"line":70,"column":2}},{"start":{},"end":{}}],"line":68},"14":{"loc":{"start":{"line":76,"column":21},"end":{"line":76,"column":83}},"type":"binary-expr","locations":[{"start":{"line":76,"column":21},"end":{"line":76,"column":51}},{"start":{"line":76,"column":55},"end":{"line":76,"column":83}}],"line":76},"15":{"loc":{"start":{"line":77,"column":1},"end":{"line":79,"column":2}},"type":"if","locations":[{"start":{"line":77,"column":1},"end":{"line":79,"column":2}},{"start":{},"end":{}}],"line":77},"16":{"loc":{"start":{"line":81,"column":1},"end":{"line":83,"column":2}},"type":"if","locations":[{"start":{"line":81,"column":1},"end":{"line":83,"column":2}},{"start":{},"end":{}}],"line":81},"17":{"loc":{"start":{"line":85,"column":1},"end":{"line":87,"column":2}},"type":"if","locations":[{"start":{"line":85,"column":1},"end":{"line":87,"column":2}},{"start":{},"end":{}}],"line":85},"18":{"loc":{"start":{"line":93,"column":1},"end":{"line":95,"column":2}},"type":"if","locations":[{"start":{"line":93,"column":1},"end":{"line":95,"column":2}},{"start":{},"end":{}}],"line":93},"19":{"loc":{"start":{"line":96,"column":1},"end":{"line":98,"column":2}},"type":"if","locations":[{"start":{"line":96,"column":1},"end":{"line":98,"column":2}},{"start":{},"end":{}}],"line":96},"20":{"loc":{"start":{"line":100,"column":1},"end":{"line":102,"column":2}},"type":"if","locations":[{"start":{"line":100,"column":1},"end":{"line":102,"column":2}},{"start":{},"end":{}}],"line":100}},"s":{"0":2,"1":2,"2":18,"3":4,"4":14,"5":2,"6":12,"7":1,"8":11,"9":1,"10":10,"11":10,"12":8,"13":2,"14":2,"15":17,"16":17,"17":1,"18":16,"19":1,"20":15,"21":1,"22":14,"23":1,"24":13,"25":1,"26":12,"27":1,"28":11,"29":2,"30":9,"31":9,"32":8,"33":1,"34":2,"35":7,"36":7,"37":3,"38":4,"39":1,"40":3,"41":1,"42":2,"43":2,"44":6,"45":2,"46":4,"47":1,"48":3,"49":2,"50":1,"51":2},"f":{"0":18,"1":17,"2":7,"3":6},"b":{"0":[4,14],"1":[2,12],"2":[1,11],"3":[1,10],"4":[8,2],"5":[17,17,16,16],"6":[1,16],"7":[1,15],"8":[1,14],"9":[1,13],"10":[1,12],"11":[1,11],"12":[2,9],"13":[8,1],"14":[7,5],"15":[3,4],"16":[1,3],"17":[1,2],"18":[2,4],"19":[1,3],"20":[2,1]},"_coverageSchema":"1a1c01bbd47fc00a2c39e90264f33305004495a9","hash":"822c5535347d8de2c006c671449dc8800c0751d9"}
}
