TN:
SF:utils\apiResponse.js
FN:2,(anonymous_0)
FN:11,(anonymous_1)
FN:21,(anonymous_2)
FN:30,(anonymous_3)
FN:39,(anonymous_4)
FN:48,(anonymous_5)
FNF:6
FNH:6
FNDA:2,(anonymous_0)
FNDA:3,(anonymous_1)
FNDA:2,(anonymous_2)
FNDA:2,(anonymous_3)
FNDA:2,(anonymous_4)
FNDA:2,(anonymous_5)
DA:2,2
DA:3,2
DA:7,2
DA:11,2
DA:12,3
DA:17,3
DA:21,2
DA:22,2
DA:26,2
DA:30,2
DA:31,2
DA:35,2
DA:39,2
DA:40,2
DA:44,2
DA:48,2
DA:49,2
DA:53,2
DA:56,2
LF:19
LH:19
BRF:0
BRH:0
end_of_record
TN:
SF:utils\emailDelivery.js
FN:4,(anonymous_0)
FNF:1
FNH:0
FNDA:0,(anonymous_0)
DA:1,2
DA:4,2
DA:5,0
DA:6,0
DA:13,0
DA:14,0
DA:16,0
DA:17,0
DA:20,0
DA:21,0
DA:25,2
LF:11
LH:3
BRDA:13,0,0,0
BRDA:13,0,1,0
BRF:2
BRH:0
end_of_record
TN:
SF:utils\index.js
FNF:0
FNH:0
DA:1,2
DA:2,2
DA:3,2
DA:4,2
LF:4
LH:4
BRF:0
BRH:0
end_of_record
TN:
SF:utils\logger.js
FN:17,(anonymous_0)
FN:45,(anonymous_1)
FNF:2
FNH:1
FNDA:2,(anonymous_0)
FNDA:0,(anonymous_1)
DA:1,2
DA:5,2
DA:17,2
DA:18,2
DA:19,2
DA:20,2
DA:26,2
DA:36,2
DA:39,2
DA:45,0
DA:50,2
DA:69,2
DA:76,2
LF:13
LH:12
BRDA:18,0,0,2
BRDA:18,0,1,0
BRDA:20,1,0,0
BRDA:20,1,1,2
BRF:4
BRH:2
end_of_record
TN:
SF:utils\validation.js
FN:3,(anonymous_0)
FN:34,(anonymous_1)
FN:74,(anonymous_2)
FN:91,(anonymous_3)
FNF:4
FNH:4
FNDA:18,(anonymous_0)
FNDA:17,(anonymous_1)
FNDA:7,(anonymous_2)
FNDA:6,(anonymous_3)
DA:1,2
DA:3,2
DA:5,18
DA:6,4
DA:8,14
DA:9,2
DA:11,12
DA:12,1
DA:14,11
DA:15,1
DA:17,10
DA:24,10
DA:25,8
DA:31,2
DA:34,2
DA:37,17
DA:42,17
DA:43,1
DA:45,16
DA:46,1
DA:48,15
DA:49,1
DA:51,14
DA:52,1
DA:57,13
DA:58,1
DA:60,12
DA:61,1
DA:63,11
DA:64,2
DA:67,9
DA:68,9
DA:69,8
DA:71,1
DA:74,2
DA:76,7
DA:77,7
DA:78,3
DA:81,4
DA:82,1
DA:85,3
DA:86,1
DA:88,2
DA:91,2
DA:93,6
DA:94,2
DA:96,4
DA:97,1
DA:100,3
DA:101,2
DA:103,1
DA:106,2
LF:52
LH:52
BRDA:5,0,0,4
BRDA:5,0,1,14
BRDA:8,1,0,2
BRDA:8,1,1,12
BRDA:11,2,0,1
BRDA:11,2,1,11
BRDA:14,3,0,1
BRDA:14,3,1,10
BRDA:24,4,0,8
BRDA:24,4,1,2
BRDA:37,5,0,17
BRDA:37,5,1,17
BRDA:37,5,2,16
BRDA:37,5,3,16
BRDA:42,6,0,1
BRDA:42,6,1,16
BRDA:45,7,0,1
BRDA:45,7,1,15
BRDA:48,8,0,1
BRDA:48,8,1,14
BRDA:51,9,0,1
BRDA:51,9,1,13
BRDA:57,10,0,1
BRDA:57,10,1,12
BRDA:60,11,0,1
BRDA:60,11,1,11
BRDA:63,12,0,2
BRDA:63,12,1,9
BRDA:68,13,0,8
BRDA:68,13,1,1
BRDA:76,14,0,7
BRDA:76,14,1,5
BRDA:77,15,0,3
BRDA:77,15,1,4
BRDA:81,16,0,1
BRDA:81,16,1,3
BRDA:85,17,0,1
BRDA:85,17,1,2
BRDA:93,18,0,2
BRDA:93,18,1,4
BRDA:96,19,0,1
BRDA:96,19,1,3
BRDA:100,20,0,2
BRDA:100,20,1,1
BRF:44
BRH:44
end_of_record
