{"C:\\Users\\Adri\\Desktop\\Code\\panda-server\\utils\\apiResponse.js": {"path":"C:\\Users\\Adri\\Desktop\\Code\\panda-server\\utils\\apiResponse.js","statementMap":{"0":{"start":{"line":2,"column":24},"end":{"line":8,"column":1}},"1":{"start":{"line":3,"column":14},"end":{"line":6,"column":2}},"2":{"start":{"line":7,"column":1},"end":{"line":7,"column":35}},"3":{"start":{"line":11,"column":32},"end":{"line":18,"column":1}},"4":{"start":{"line":12,"column":17},"end":{"line":16,"column":2}},"5":{"start":{"line":17,"column":1},"end":{"line":17,"column":38}},"6":{"start":{"line":21,"column":28},"end":{"line":27,"column":1}},"7":{"start":{"line":22,"column":14},"end":{"line":25,"column":2}},"8":{"start":{"line":26,"column":1},"end":{"line":26,"column":35}},"9":{"start":{"line":30,"column":28},"end":{"line":36,"column":1}},"10":{"start":{"line":31,"column":14},"end":{"line":34,"column":2}},"11":{"start":{"line":35,"column":1},"end":{"line":35,"column":35}},"12":{"start":{"line":39,"column":25},"end":{"line":45,"column":1}},"13":{"start":{"line":40,"column":14},"end":{"line":43,"column":2}},"14":{"start":{"line":44,"column":1},"end":{"line":44,"column":35}},"15":{"start":{"line":48,"column":29},"end":{"line":54,"column":1}},"16":{"start":{"line":49,"column":14},"end":{"line":52,"column":2}},"17":{"start":{"line":53,"column":1},"end":{"line":53,"column":35}},"18":{"start":{"line":56,"column":0},"end":{"line":63,"column":2}}},"fnMap":{"0":{"name":"(anonymous_0)","decl":{"start":{"line":2,"column":24},"end":{"line":2,"column":25}},"loc":{"start":{"line":2,"column":38},"end":{"line":8,"column":1}},"line":2},"1":{"name":"(anonymous_1)","decl":{"start":{"line":11,"column":32},"end":{"line":11,"column":33}},"loc":{"start":{"line":11,"column":52},"end":{"line":18,"column":1}},"line":11},"2":{"name":"(anonymous_2)","decl":{"start":{"line":21,"column":28},"end":{"line":21,"column":29}},"loc":{"start":{"line":21,"column":42},"end":{"line":27,"column":1}},"line":21},"3":{"name":"(anonymous_3)","decl":{"start":{"line":30,"column":28},"end":{"line":30,"column":29}},"loc":{"start":{"line":30,"column":42},"end":{"line":36,"column":1}},"line":30},"4":{"name":"(anonymous_4)","decl":{"start":{"line":39,"column":25},"end":{"line":39,"column":26}},"loc":{"start":{"line":39,"column":39},"end":{"line":45,"column":1}},"line":39},"5":{"name":"(anonymous_5)","decl":{"start":{"line":48,"column":29},"end":{"line":48,"column":30}},"loc":{"start":{"line":48,"column":49},"end":{"line":54,"column":1}},"line":48}},"branchMap":{},"s":{"0":2,"1":2,"2":2,"3":2,"4":3,"5":3,"6":2,"7":2,"8":2,"9":2,"10":0,"11":0,"12":2,"13":0,"14":0,"15":2,"16":0,"17":0,"18":2},"f":{"0":2,"1":3,"2":2,"3":0,"4":0,"5":0},"b":{},"_coverageSchema":"1a1c01bbd47fc00a2c39e90264f33305004495a9","hash":"e010e583d4974fa062ddd99f6efdc1dea134ac96"}
,"C:\\Users\\Adri\\Desktop\\Code\\panda-server\\utils\\emailDelivery.js": {"path":"C:\\Users\\Adri\\Desktop\\Code\\panda-server\\utils\\emailDelivery.js","statementMap":{"0":{"start":{"line":1,"column":15},"end":{"line":1,"column":34}},"1":{"start":{"line":4,"column":18},"end":{"line":23,"column":1}},"2":{"start":{"line":5,"column":1},"end":{"line":22,"column":2}},"3":{"start":{"line":6,"column":19},"end":{"line":12,"column":4}},"4":{"start":{"line":13,"column":2},"end":{"line":18,"column":3}},"5":{"start":{"line":14,"column":3},"end":{"line":14,"column":69}},"6":{"start":{"line":16,"column":21},"end":{"line":16,"column":42}},"7":{"start":{"line":17,"column":3},"end":{"line":17,"column":30}},"8":{"start":{"line":20,"column":2},"end":{"line":20,"column":56}},"9":{"start":{"line":21,"column":2},"end":{"line":21,"column":53}},"10":{"start":{"line":25,"column":0},"end":{"line":27,"column":2}}},"fnMap":{"0":{"name":"(anonymous_0)","decl":{"start":{"line":4,"column":18},"end":{"line":4,"column":19}},"loc":{"start":{"line":4,"column":34},"end":{"line":23,"column":1}},"line":4}},"branchMap":{"0":{"loc":{"start":{"line":13,"column":2},"end":{"line":18,"column":3}},"type":"if","locations":[{"start":{"line":13,"column":2},"end":{"line":18,"column":3}},{"start":{"line":15,"column":9},"end":{"line":18,"column":3}}],"line":13}},"s":{"0":2,"1":2,"2":0,"3":0,"4":0,"5":0,"6":0,"7":0,"8":0,"9":0,"10":2},"f":{"0":0},"b":{"0":[0,0]},"_coverageSchema":"1a1c01bbd47fc00a2c39e90264f33305004495a9","hash":"45a0dd2ca94507b449cfb4443c816abc9319fa24"}
,"C:\\Users\\Adri\\Desktop\\Code\\panda-server\\utils\\index.js": {"path":"C:\\Users\\Adri\\Desktop\\Code\\panda-server\\utils\\index.js","statementMap":{"0":{"start":{"line":1,"column":0},"end":{"line":1,"column":52}},"1":{"start":{"line":2,"column":0},"end":{"line":2,"column":54}},"2":{"start":{"line":3,"column":0},"end":{"line":3,"column":58}},"3":{"start":{"line":4,"column":0},"end":{"line":4,"column":44}}},"fnMap":{},"branchMap":{},"s":{"0":2,"1":2,"2":2,"3":2},"f":{},"b":{},"_coverageSchema":"1a1c01bbd47fc00a2c39e90264f33305004495a9","hash":"c9eafef4a4f9ed4c827f6d7fca402fa4cdbe8d43"}
,"C:\\Users\\Adri\\Desktop\\Code\\panda-server\\utils\\logger.js": {"path":"C:\\Users\\Adri\\Desktop\\Code\\panda-server\\utils\\logger.js","statementMap":{"0":{"start":{"line":1,"column":16},"end":{"line":1,"column":34}},"1":{"start":{"line":5,"column":15},"end":{"line":11,"column":1}},"2":{"start":{"line":17,"column":14},"end":{"line":21,"column":1}},"3":{"start":{"line":18,"column":13},"end":{"line":18,"column":50}},"4":{"start":{"line":19,"column":23},"end":{"line":19,"column":44}},"5":{"start":{"line":20,"column":1},"end":{"line":20,"column":41}},"6":{"start":{"line":26,"column":15},"end":{"line":32,"column":1}},"7":{"start":{"line":36,"column":0},"end":{"line":36,"column":26}},"8":{"start":{"line":39,"column":15},"end":{"line":46,"column":1}},"9":{"start":{"line":45,"column":33},"end":{"line":45,"column":83}},"10":{"start":{"line":50,"column":19},"end":{"line":65,"column":1}},"11":{"start":{"line":69,"column":15},"end":{"line":74,"column":2}},"12":{"start":{"line":76,"column":0},"end":{"line":76,"column":24}}},"fnMap":{"0":{"name":"(anonymous_0)","decl":{"start":{"line":17,"column":14},"end":{"line":17,"column":15}},"loc":{"start":{"line":17,"column":20},"end":{"line":21,"column":1}},"line":17},"1":{"name":"(anonymous_1)","decl":{"start":{"line":45,"column":23},"end":{"line":45,"column":24}},"loc":{"start":{"line":45,"column":33},"end":{"line":45,"column":83}},"line":45}},"branchMap":{"0":{"loc":{"start":{"line":18,"column":13},"end":{"line":18,"column":50}},"type":"binary-expr","locations":[{"start":{"line":18,"column":13},"end":{"line":18,"column":33}},{"start":{"line":18,"column":37},"end":{"line":18,"column":50}}],"line":18},"1":{"loc":{"start":{"line":20,"column":8},"end":{"line":20,"column":40}},"type":"cond-expr","locations":[{"start":{"line":20,"column":24},"end":{"line":20,"column":31}},{"start":{"line":20,"column":34},"end":{"line":20,"column":40}}],"line":20}},"s":{"0":2,"1":2,"2":2,"3":2,"4":2,"5":2,"6":2,"7":2,"8":2,"9":0,"10":2,"11":2,"12":2},"f":{"0":2,"1":0},"b":{"0":[2,0],"1":[0,2]},"_coverageSchema":"1a1c01bbd47fc00a2c39e90264f33305004495a9","hash":"76aee42747190893bcb4ae42b764403480f52ec5"}
,"C:\\Users\\Adri\\Desktop\\Code\\panda-server\\utils\\validation.js": {"path":"C:\\Users\\Adri\\Desktop\\Code\\panda-server\\utils\\validation.js","statementMap":{"0":{"start":{"line":1,"column":15},"end":{"line":1,"column":32}},"1":{"start":{"line":2,"column":18},"end":{"line":2,"column":38}},"2":{"start":{"line":4,"column":35},"end":{"line":51,"column":1}},"3":{"start":{"line":7,"column":2},"end":{"line":10,"column":37}},"4":{"start":{"line":12,"column":1},"end":{"line":14,"column":2}},"5":{"start":{"line":13,"column":2},"end":{"line":13,"column":63}},"6":{"start":{"line":16,"column":1},"end":{"line":50,"column":2}},"7":{"start":{"line":17,"column":2},"end":{"line":17,"column":41}},"8":{"start":{"line":18,"column":2},"end":{"line":18,"column":35}},"9":{"start":{"line":19,"column":2},"end":{"line":19,"column":41}},"10":{"start":{"line":20,"column":2},"end":{"line":20,"column":61}},"11":{"start":{"line":22,"column":2},"end":{"line":25,"column":4}},"12":{"start":{"line":26,"column":2},"end":{"line":26,"column":96}},"13":{"start":{"line":27,"column":2},"end":{"line":30,"column":4}},"14":{"start":{"line":31,"column":2},"end":{"line":31,"column":63}},"15":{"start":{"line":32,"column":2},"end":{"line":35,"column":4}},"16":{"start":{"line":36,"column":2},"end":{"line":36,"column":94}},"17":{"start":{"line":37,"column":2},"end":{"line":46,"column":4}},"18":{"start":{"line":47,"column":2},"end":{"line":47,"column":78}},"19":{"start":{"line":49,"column":2},"end":{"line":49,"column":53}},"20":{"start":{"line":53,"column":28},"end":{"line":76,"column":1}},"21":{"start":{"line":55,"column":21},"end":{"line":55,"column":83}},"22":{"start":{"line":57,"column":1},"end":{"line":59,"column":2}},"23":{"start":{"line":58,"column":2},"end":{"line":58,"column":63}},"24":{"start":{"line":61,"column":1},"end":{"line":75,"column":2}},"25":{"start":{"line":63,"column":2},"end":{"line":65,"column":3}},"26":{"start":{"line":64,"column":3},"end":{"line":64,"column":46}},"27":{"start":{"line":68,"column":2},"end":{"line":70,"column":3}},"28":{"start":{"line":69,"column":3},"end":{"line":69,"column":44}},"29":{"start":{"line":72,"column":2},"end":{"line":72,"column":71}},"30":{"start":{"line":74,"column":2},"end":{"line":74,"column":57}},"31":{"start":{"line":78,"column":22},"end":{"line":92,"column":1}},"32":{"start":{"line":80,"column":1},"end":{"line":82,"column":2}},"33":{"start":{"line":81,"column":2},"end":{"line":81,"column":63}},"34":{"start":{"line":85,"column":1},"end":{"line":91,"column":2}},"35":{"start":{"line":86,"column":2},"end":{"line":86,"column":34}},"36":{"start":{"line":87,"column":2},"end":{"line":87,"column":63}},"37":{"start":{"line":88,"column":2},"end":{"line":88,"column":31}},"38":{"start":{"line":90,"column":2},"end":{"line":90,"column":53}},"39":{"start":{"line":94,"column":25},"end":{"line":118,"column":1}},"40":{"start":{"line":96,"column":1},"end":{"line":117,"column":2}},"41":{"start":{"line":97,"column":2},"end":{"line":97,"column":41}},"42":{"start":{"line":98,"column":2},"end":{"line":98,"column":61}},"43":{"start":{"line":99,"column":2},"end":{"line":102,"column":4}},"44":{"start":{"line":103,"column":2},"end":{"line":103,"column":94}},"45":{"start":{"line":104,"column":2},"end":{"line":113,"column":4}},"46":{"start":{"line":114,"column":2},"end":{"line":114,"column":31}},"47":{"start":{"line":116,"column":2},"end":{"line":116,"column":53}},"48":{"start":{"line":120,"column":0},"end":{"line":125,"column":2}}},"fnMap":{"0":{"name":"(anonymous_0)","decl":{"start":{"line":4,"column":35},"end":{"line":4,"column":36}},"loc":{"start":{"line":4,"column":83},"end":{"line":51,"column":1}},"line":4},"1":{"name":"(anonymous_1)","decl":{"start":{"line":53,"column":28},"end":{"line":53,"column":29}},"loc":{"start":{"line":53,"column":54},"end":{"line":76,"column":1}},"line":53},"2":{"name":"(anonymous_2)","decl":{"start":{"line":78,"column":22},"end":{"line":78,"column":23}},"loc":{"start":{"line":78,"column":33},"end":{"line":92,"column":1}},"line":78},"3":{"name":"(anonymous_3)","decl":{"start":{"line":94,"column":25},"end":{"line":94,"column":26}},"loc":{"start":{"line":94,"column":56},"end":{"line":118,"column":1}},"line":94}},"branchMap":{"0":{"loc":{"start":{"line":7,"column":2},"end":{"line":10,"column":37}},"type":"binary-expr","locations":[{"start":{"line":7,"column":2},"end":{"line":7,"column":30}},{"start":{"line":8,"column":2},"end":{"line":8,"column":27}},{"start":{"line":9,"column":2},"end":{"line":9,"column":30}},{"start":{"line":10,"column":2},"end":{"line":10,"column":37}}],"line":7},"1":{"loc":{"start":{"line":12,"column":1},"end":{"line":14,"column":2}},"type":"if","locations":[{"start":{"line":12,"column":1},"end":{"line":14,"column":2}},{"start":{},"end":{}}],"line":12},"2":{"loc":{"start":{"line":55,"column":21},"end":{"line":55,"column":83}},"type":"binary-expr","locations":[{"start":{"line":55,"column":21},"end":{"line":55,"column":51}},{"start":{"line":55,"column":55},"end":{"line":55,"column":83}}],"line":55},"3":{"loc":{"start":{"line":57,"column":1},"end":{"line":59,"column":2}},"type":"if","locations":[{"start":{"line":57,"column":1},"end":{"line":59,"column":2}},{"start":{},"end":{}}],"line":57},"4":{"loc":{"start":{"line":63,"column":2},"end":{"line":65,"column":3}},"type":"if","locations":[{"start":{"line":63,"column":2},"end":{"line":65,"column":3}},{"start":{},"end":{}}],"line":63},"5":{"loc":{"start":{"line":68,"column":2},"end":{"line":70,"column":3}},"type":"if","locations":[{"start":{"line":68,"column":2},"end":{"line":70,"column":3}},{"start":{},"end":{}}],"line":68},"6":{"loc":{"start":{"line":80,"column":1},"end":{"line":82,"column":2}},"type":"if","locations":[{"start":{"line":80,"column":1},"end":{"line":82,"column":2}},{"start":{},"end":{}}],"line":80}},"s":{"0":2,"1":2,"2":2,"3":11,"4":11,"5":1,"6":10,"7":10,"8":9,"9":8,"10":7,"11":6,"12":5,"13":4,"14":3,"15":3,"16":2,"17":1,"18":1,"19":9,"20":2,"21":7,"22":7,"23":3,"24":4,"25":4,"26":1,"27":3,"28":1,"29":2,"30":2,"31":2,"32":6,"33":2,"34":4,"35":4,"36":3,"37":1,"38":3,"39":2,"40":9,"41":9,"42":6,"43":5,"44":5,"45":5,"46":1,"47":8,"48":2},"f":{"0":11,"1":7,"2":6,"3":9},"b":{"0":[11,11,10,10],"1":[1,10],"2":[7,5],"3":[3,4],"4":[1,3],"5":[1,2],"6":[2,4]},"_coverageSchema":"1a1c01bbd47fc00a2c39e90264f33305004495a9","hash":"9d9c659465c7dd1f5843d8d138ae4c7ab2a6b77f"}
}
