TN:
SF:utils\apiResponse.js
FN:2,(anonymous_0)
FN:11,(anonymous_1)
FN:21,(anonymous_2)
FN:30,(anonymous_3)
FN:39,(anonymous_4)
FN:48,(anonymous_5)
FNF:6
FNH:3
FNDA:2,(anonymous_0)
FNDA:3,(anonymous_1)
FNDA:2,(anonymous_2)
FNDA:0,(anonymous_3)
FNDA:0,(anonymous_4)
FNDA:0,(anonymous_5)
DA:2,2
DA:3,2
DA:7,2
DA:11,2
DA:12,3
DA:17,3
DA:21,2
DA:22,2
DA:26,2
DA:30,2
DA:31,0
DA:35,0
DA:39,2
DA:40,0
DA:44,0
DA:48,2
DA:49,0
DA:53,0
DA:56,2
LF:19
LH:13
BRF:0
BRH:0
end_of_record
TN:
SF:utils\emailDelivery.js
FN:4,(anonymous_0)
FNF:1
FNH:0
FNDA:0,(anonymous_0)
DA:1,2
DA:4,2
DA:5,0
DA:6,0
DA:13,0
DA:14,0
DA:16,0
DA:17,0
DA:20,0
DA:21,0
DA:25,2
LF:11
LH:3
BRDA:13,0,0,0
BRDA:13,0,1,0
BRF:2
BRH:0
end_of_record
TN:
SF:utils\index.js
FNF:0
FNH:0
DA:1,2
DA:2,2
DA:3,2
DA:4,2
LF:4
LH:4
BRF:0
BRH:0
end_of_record
TN:
SF:utils\logger.js
FN:17,(anonymous_0)
FN:45,(anonymous_1)
FNF:2
FNH:1
FNDA:2,(anonymous_0)
FNDA:0,(anonymous_1)
DA:1,2
DA:5,2
DA:17,2
DA:18,2
DA:19,2
DA:20,2
DA:26,2
DA:36,2
DA:39,2
DA:45,0
DA:50,2
DA:69,2
DA:76,2
LF:13
LH:12
BRDA:18,0,0,2
BRDA:18,0,1,0
BRDA:20,1,0,0
BRDA:20,1,1,2
BRF:4
BRH:2
end_of_record
TN:
SF:utils\validation.js
FN:4,(anonymous_0)
FN:53,(anonymous_1)
FN:78,(anonymous_2)
FN:94,(anonymous_3)
FNF:4
FNH:4
FNDA:11,(anonymous_0)
FNDA:7,(anonymous_1)
FNDA:6,(anonymous_2)
FNDA:9,(anonymous_3)
DA:1,2
DA:2,2
DA:4,2
DA:7,11
DA:12,11
DA:13,1
DA:16,10
DA:17,10
DA:18,9
DA:19,8
DA:20,7
DA:22,6
DA:26,5
DA:27,4
DA:31,3
DA:32,3
DA:36,2
DA:37,1
DA:47,1
DA:49,9
DA:53,2
DA:55,7
DA:57,7
DA:58,3
DA:61,4
DA:63,4
DA:64,1
DA:68,3
DA:69,1
DA:72,2
DA:74,2
DA:78,2
DA:80,6
DA:81,2
DA:85,4
DA:86,4
DA:87,3
DA:88,1
DA:90,3
DA:94,2
DA:96,9
DA:97,9
DA:98,6
DA:99,5
DA:103,5
DA:104,5
DA:114,1
DA:116,8
DA:120,2
LF:49
LH:49
BRDA:7,0,0,11
BRDA:7,0,1,11
BRDA:7,0,2,10
BRDA:7,0,3,10
BRDA:12,1,0,1
BRDA:12,1,1,10
BRDA:55,2,0,7
BRDA:55,2,1,5
BRDA:57,3,0,3
BRDA:57,3,1,4
BRDA:63,4,0,1
BRDA:63,4,1,3
BRDA:68,5,0,1
BRDA:68,5,1,2
BRDA:80,6,0,2
BRDA:80,6,1,4
BRF:16
BRH:16
end_of_record
